<?xml version="1.0" encoding="UTF-8"?>
<testng-results ignored="0" total="3" passed="3" failed="0" skipped="0">
  <reporter-output>
  </reporter-output>
  <suite started-at="2021-01-21T16:25:59 IST" name="Suite" finished-at="2021-01-21T16:26:55 IST" duration-ms="55959">
    <groups>
    </groups>
    <test started-at="2021-01-21T16:25:59 IST" name="Test1" finished-at="2021-01-21T16:26:55 IST" duration-ms="55959">
      <class name="util.HtmlReportwithTestNG">
        <test-method is-config="true" signature="setUp()[pri:0, instance:util.HtmlReportwithTestNG@a38c7fe]" started-at="2021-01-21T16:25:59 IST" name="setUp" finished-at="2021-01-21T16:25:59 IST" duration-ms="310" status="PASS">
          <reporter-output>
          </reporter-output>
        </test-method> <!-- setUp -->
        <test-method is-config="true" signature="setTest()[pri:0, instance:util.HtmlReportwithTestNG@a38c7fe]" started-at="2021-01-21T16:25:59 IST" name="setTest" finished-at="2021-01-21T16:26:14 IST" duration-ms="14826" status="PASS">
          <reporter-output>
          </reporter-output>
        </test-method> <!-- setTest -->
        <test-method signature="test1(java.lang.String, java.lang.String)[pri:0, instance:util.HtmlReportwithTestNG@a38c7fe]" started-at="2021-01-21T16:26:16 IST" name="test1" data-provider="test1" finished-at="2021-01-21T16:26:43 IST" duration-ms="27009" status="PASS">
          <params>
            <param index="0">
              <value>
                <![CDATA[abc]]>
              </value>
            </param>
            <param index="1">
              <value>
                <![CDATA[asdfg]]>
              </value>
            </param>
          </params>
          <reporter-output>
          </reporter-output>
        </test-method> <!-- test1 -->
        <test-method signature="test1(java.lang.String, java.lang.String)[pri:0, instance:util.HtmlReportwithTestNG@a38c7fe]" started-at="2021-01-21T16:26:43 IST" name="test1" data-provider="test1" finished-at="2021-01-21T16:26:48 IST" duration-ms="5074" status="PASS">
          <params>
            <param index="0">
              <value>
                <![CDATA[sample]]>
              </value>
            </param>
            <param index="1">
              <value>
                <![CDATA[qwerty]]>
              </value>
            </param>
          </params>
          <reporter-output>
          </reporter-output>
        </test-method> <!-- test1 -->
        <test-method signature="test1(java.lang.String, java.lang.String)[pri:0, instance:util.HtmlReportwithTestNG@a38c7fe]" started-at="2021-01-21T16:26:48 IST" name="test1" data-provider="test1" finished-at="2021-01-21T16:26:53 IST" duration-ms="4958" status="PASS">
          <params>
            <param index="0">
              <value>
                <![CDATA[vaishnavihajare02@gmail.com]]>
              </value>
            </param>
            <param index="1">
              <value>
                <![CDATA[dgflipkart]]>
              </value>
            </param>
          </params>
          <reporter-output>
          </reporter-output>
        </test-method> <!-- test1 -->
        <test-method is-config="true" signature="tearDown()[pri:0, instance:util.HtmlReportwithTestNG@a38c7fe]" started-at="2021-01-21T16:26:53 IST" name="tearDown" finished-at="2021-01-21T16:26:55 IST" duration-ms="2271" status="PASS">
          <reporter-output>
          </reporter-output>
        </test-method> <!-- tearDown -->
        <test-method is-config="true" signature="afterMethod()[pri:0, instance:util.HtmlReportwithTestNG@a38c7fe]" started-at="2021-01-21T16:26:55 IST" name="afterMethod" finished-at="2021-01-21T16:27:06 IST" duration-ms="10455" status="FAIL">
          <exception class="org.openqa.selenium.NoSuchSessionException">
            <message>
              <![CDATA[Tried to run command without establishing a connection
Build info: version: '4.0.0-alpha-7', revision: 'de8579b6d5'
System info: host: 'LAPTOP-TOIRVPML', ip: '192.168.1.35', os.name: 'Windows 10', os.arch: 'amd64', os.version: '10.0', java.version: '15.0.1'
Driver info: org.openqa.selenium.firefox.FirefoxDriver
Capabilities {acceptInsecureCerts: true, browserName: firefox, browserVersion: 84.0.2, javascriptEnabled: true, moz:accessibilityChecks: false, moz:buildID: 20210105180113, moz:geckodriverVersion: 0.29.0, moz:headless: false, moz:processID: 2848, moz:profile: C:\Users\Vaishnavi Hajare\A..., moz:shutdownTimeout: 60000, moz:useNonSpecCompliantPointerOrigin: false, moz:webdriverClick: true, pageLoadStrategy: normal, platform: WINDOWS, platformName: WINDOWS, platformVersion: 10.0, rotatable: false, setWindowRect: true, strictFileInteractability: false, timeouts: {implicit: 0, pageLoad: 300000, script: 30000}, unhandledPromptBehavior: dismiss and notify}
Session ID: faaa46e6-27c8-428f-8bdd-fba7cb8b1e3e]]>
            </message>
            <full-stacktrace>
              <![CDATA[org.openqa.selenium.NoSuchSessionException: Tried to run command without establishing a connection
Build info: version: '4.0.0-alpha-7', revision: 'de8579b6d5'
System info: host: 'LAPTOP-TOIRVPML', ip: '192.168.1.35', os.name: 'Windows 10', os.arch: 'amd64', os.version: '10.0', java.version: '15.0.1'
Driver info: org.openqa.selenium.firefox.FirefoxDriver
Capabilities {acceptInsecureCerts: true, browserName: firefox, browserVersion: 84.0.2, javascriptEnabled: true, moz:accessibilityChecks: false, moz:buildID: 20210105180113, moz:geckodriverVersion: 0.29.0, moz:headless: false, moz:processID: 2848, moz:profile: C:\Users\Vaishnavi Hajare\A..., moz:shutdownTimeout: 60000, moz:useNonSpecCompliantPointerOrigin: false, moz:webdriverClick: true, pageLoadStrategy: normal, platform: WINDOWS, platformName: WINDOWS, platformVersion: 10.0, rotatable: false, setWindowRect: true, strictFileInteractability: false, timeouts: {implicit: 0, pageLoad: 300000, script: 30000}, unhandledPromptBehavior: dismiss and notify}
Session ID: faaa46e6-27c8-428f-8bdd-fba7cb8b1e3e
at java.base/jdk.internal.reflect.NativeConstructorAccessorImpl.newInstance0(Native Method)
at java.base/jdk.internal.reflect.NativeConstructorAccessorImpl.newInstance(NativeConstructorAccessorImpl.java:64)
at java.base/jdk.internal.reflect.DelegatingConstructorAccessorImpl.newInstance(DelegatingConstructorAccessorImpl.java:45)
at java.base/java.lang.reflect.Constructor.newInstanceWithCaller(Constructor.java:500)
at java.base/java.lang.reflect.Constructor.newInstance(Constructor.java:481)
at org.openqa.selenium.remote.codec.w3c.W3CHttpResponseCodec.createException(W3CHttpResponseCodec.java:196)
at org.openqa.selenium.remote.codec.w3c.W3CHttpResponseCodec.decode(W3CHttpResponseCodec.java:129)
at org.openqa.selenium.remote.codec.w3c.W3CHttpResponseCodec.decode(W3CHttpResponseCodec.java:53)
at org.openqa.selenium.remote.HttpCommandExecutor.execute(HttpCommandExecutor.java:167)
at org.openqa.selenium.remote.service.DriverCommandExecutor.lambda$execute$0(DriverCommandExecutor.java:89)
at java.base/java.util.concurrent.CompletableFuture$AsyncSupply.run(CompletableFuture.java:1764)
at java.base/java.util.concurrent.CompletableFuture$AsyncSupply.exec(CompletableFuture.java:1756)
at java.base/java.util.concurrent.ForkJoinTask.doExec(ForkJoinTask.java:290)
at java.base/java.util.concurrent.ForkJoinPool$WorkQueue.topLevelExec(ForkJoinPool.java:1016)
at java.base/java.util.concurrent.ForkJoinPool.scan(ForkJoinPool.java:1665)
at java.base/java.util.concurrent.ForkJoinPool.runWorker(ForkJoinPool.java:1598)
at java.base/java.util.concurrent.ForkJoinWorkerThread.run(ForkJoinWorkerThread.java:183)
]]>
            </full-stacktrace>
          </exception> <!-- org.openqa.selenium.NoSuchSessionException -->
          <reporter-output>
          </reporter-output>
        </test-method> <!-- afterMethod -->
      </class> <!-- util.HtmlReportwithTestNG -->
    </test> <!-- Test1 -->
  </suite> <!-- Suite -->
</testng-results>
