<?xml version="1.0" encoding="UTF-8"?>
<!-- Generated by org.testng.reporters.JUnitXMLReporter -->
<testsuite ignored="0" hostname="LAPTOP-TOIRVPML" failures="0" tests="3" name="Test1" time="55.959" errors="0" timestamp="2021-01-21T16:26:55 IST">
  <testcase classname="util.HtmlReportwithTestNG" name="test1" time="27.009"/>
  <testcase classname="util.HtmlReportwithTestNG" name="test1" time="5.074"/>
  <testcase classname="util.HtmlReportwithTestNG" name="test1" time="4.958"/>
</testsuite> <!-- Test1 -->
