<?xml version="1.0" encoding="UTF-8"?>
<!-- Generated by org.testng.reporters.JUnitXMLReporter -->
<testsuite ignored="0" hostname="LAPTOP-TOIRVPML" failures="0" tests="3" name="Default test" time="65.061" errors="0" timestamp="2021-01-21T16:23:05 IST">
  <testcase classname="util.HtmlReportwithTestNG" name="test1" time="28.017"/>
  <testcase classname="util.HtmlReportwithTestNG" name="test1" time="5.478"/>
  <testcase classname="util.HtmlReportwithTestNG" name="test1" time="4.94"/>
</testsuite> <!-- Default test -->
